<?xml version="1.0" encoding="UTF-8"?>
<!-- Generated by org.testng.reporters.JUnitXMLReporter -->
<testsuite ignored="0" hostname="Mahbubs-MacBook-Pro-2.local" failures="0" tests="2" name="Nopackage" time="9.207" errors="0" timestamp="2022-08-20T17:58:55 EDT">
  <testcase classname="io.cucumber.testng.AbstractTestNGCucumberTests" name="runScenario" time="5.335"/>
  <testcase classname="io.cucumber.testng.AbstractTestNGCucumberTests" name="runScenario" time="3.5"/>
</testsuite> <!-- Nopackage -->
